<?xml version="1.0" encoding="UTF-8"?>
<testsuite xmlns:xsi="http://www.w3.org/2001/XMLSchema-instance" xsi:noNamespaceSchemaLocation="https://maven.apache.org/surefire/maven-surefire-plugin/xsd/surefire-test-report-3.0.xsd" version="3.0" name="com.marketforge.backend.e2e.HomePageSeleniumTest" time="0.006" tests="1" errors="0" skipped="1" failures="0">
  <properties>
[...]
</properties>
  <testcase name="homePageDisplaysHeroAndBrowseButton" classname="com.marketforge.backend.e2e.HomePageSeleniumTest" time="0">
    <skipped message="E2E test requires running frontend and configured WebDriver; enable manually when environment is ready"/>
  </testcase>
</testsuite>